Constructing tool from setup file KS_settings.xml.

Loaded model 3DGaitModel2392-scaled from file G:\CardiffData\osimData_young\Patient20\model\scaled_model.osim
               MODEL: 3DGaitModel2392-scaled
         coordinates: 37
              forces: 92
           actuators: 92
             muscles: 92
            analyses: 0
              probes: 0
              bodies: 21
              joints: 20
         constraints: 0
             markers: 49
         controllers: 0
  contact geometries: 0
misc modelcomponents: 0
Running tool KS.
Loaded marker file C:\Users\u0088756\Documents\documenten\software\SoftwareProjects\DC_TrackingSimulation\Data\Patient20\InputData\MarkerFile_DataSel.trc (47 markers, 230 frames)
Frame 0 (t=0):	total squared error = 0.00198327, marker error: RMS=0.00687173, max=0.0159469 (LTHI)
Frame 1 (t=0.005):	total squared error = 0.00193335, marker error: RMS=0.0067847, max=0.0158448 (LTHI)
Frame 2 (t=0.01):	total squared error = 0.00186437, marker error: RMS=0.00666257, max=0.0158646 (LTHI)
Frame 3 (t=0.015):	total squared error = 0.00178687, marker error: RMS=0.00652262, max=0.0155857 (LTHI)
Frame 4 (t=0.02):	total squared error = 0.00175182, marker error: RMS=0.00645833, max=0.0154038 (LTHI)
Frame 5 (t=0.025):	total squared error = 0.001716, marker error: RMS=0.00639196, max=0.0150925 (LTHI)
Frame 6 (t=0.03):	total squared error = 0.00165356, marker error: RMS=0.00627459, max=0.0148739 (LTHI)
Frame 7 (t=0.035):	total squared error = 0.00161485, marker error: RMS=0.0062007, max=0.0146338 (LTHI)
Frame 8 (t=0.04):	total squared error = 0.00160409, marker error: RMS=0.00618002, max=0.0144296 (LUA1)
Frame 9 (t=0.045):	total squared error = 0.00155144, marker error: RMS=0.00607775, max=0.0146361 (LUA1)
Frame 10 (t=0.05):	total squared error = 0.00152394, marker error: RMS=0.00602364, max=0.0144883 (LUA1)
Frame 11 (t=0.055):	total squared error = 0.00147642, marker error: RMS=0.00592899, max=0.0147068 (LUA1)
Frame 12 (t=0.06):	total squared error = 0.00143957, marker error: RMS=0.00585452, max=0.0151484 (LUA1)
Frame 13 (t=0.065):	total squared error = 0.00141477, marker error: RMS=0.00580388, max=0.0151685 (LUA1)
Frame 14 (t=0.07):	total squared error = 0.00139351, marker error: RMS=0.00576011, max=0.0150108 (LUA1)
Frame 15 (t=0.075):	total squared error = 0.00139375, marker error: RMS=0.00576061, max=0.0149928 (LUA1)
Frame 16 (t=0.08):	total squared error = 0.00140314, marker error: RMS=0.00577998, max=0.0154179 (LUA1)
Frame 17 (t=0.085):	total squared error = 0.00141468, marker error: RMS=0.0058037, max=0.0153399 (LUA1)
Frame 18 (t=0.09):	total squared error = 0.00141982, marker error: RMS=0.00581422, max=0.0154455 (RLatFoot)
Frame 19 (t=0.095):	total squared error = 0.00140217, marker error: RMS=0.00577797, max=0.0151557 (RLatFoot)
Frame 20 (t=0.1):	total squared error = 0.00138087, marker error: RMS=0.00573392, max=0.0153766 (RLatFoot)
Frame 21 (t=0.105):	total squared error = 0.00135213, marker error: RMS=0.00567393, max=0.0155124 (RLatFoot)
Frame 22 (t=0.11):	total squared error = 0.00128392, marker error: RMS=0.00552896, max=0.0149206 (RLatFoot)
Frame 23 (t=0.115):	total squared error = 0.00125444, marker error: RMS=0.00546513, max=0.0146826 (LUA1)
Frame 24 (t=0.12):	total squared error = 0.0012446, marker error: RMS=0.00544365, max=0.0147381 (LUA1)
Frame 25 (t=0.125):	total squared error = 0.00126301, marker error: RMS=0.00548377, max=0.0150583 (LUA1)
Frame 26 (t=0.13):	total squared error = 0.00127867, marker error: RMS=0.00551766, max=0.0151778 (LUA1)
Frame 27 (t=0.135):	total squared error = 0.00136012, marker error: RMS=0.00569068, max=0.0150634 (LUA1)
Frame 28 (t=0.14):	total squared error = 0.00146632, marker error: RMS=0.00590867, max=0.0153358 (LUA1)
Frame 29 (t=0.145):	total squared error = 0.00160373, marker error: RMS=0.00617932, max=0.0153466 (LUA1)
Frame 30 (t=0.15):	total squared error = 0.00172996, marker error: RMS=0.00641791, max=0.0154627 (LUA1)
Frame 31 (t=0.155):	total squared error = 0.00189003, marker error: RMS=0.00670825, max=0.0159474 (LUA1)
Frame 32 (t=0.16):	total squared error = 0.0020623, marker error: RMS=0.00700731, max=0.0155802 (LUA1)
Frame 33 (t=0.165):	total squared error = 0.00223042, marker error: RMS=0.00728733, max=0.0160993 (LUA1)
Frame 34 (t=0.17):	total squared error = 0.00238803, marker error: RMS=0.00754041, max=0.0168422 (RTHI)
Frame 35 (t=0.175):	total squared error = 0.0025041, marker error: RMS=0.0077215, max=0.0177893 (RTHI)
Frame 36 (t=0.18):	total squared error = 0.00255817, marker error: RMS=0.00780441, max=0.0184424 (RTHI)
Frame 37 (t=0.185):	total squared error = 0.00263912, marker error: RMS=0.00792693, max=0.0194777 (RTHI)
Frame 38 (t=0.19):	total squared error = 0.00268793, marker error: RMS=0.0079999, max=0.0197965 (RTHI)
Frame 39 (t=0.195):	total squared error = 0.00261008, marker error: RMS=0.0078832, max=0.0170959 (RTHI)
Frame 40 (t=0.2):	total squared error = 0.0026121, marker error: RMS=0.00788625, max=0.0173729 (RTHI)
Frame 41 (t=0.205):	total squared error = 0.00260701, marker error: RMS=0.00787855, max=0.0177046 (RTHI)
Frame 42 (t=0.21):	total squared error = 0.00255752, marker error: RMS=0.00780342, max=0.0179633 (RTHI)
Frame 43 (t=0.215):	total squared error = 0.0025224, marker error: RMS=0.00774965, max=0.0182767 (RTHI)
Frame 44 (t=0.22):	total squared error = 0.0024513, marker error: RMS=0.00763965, max=0.0183936 (RTHI)
Frame 45 (t=0.225):	total squared error = 0.00240616, marker error: RMS=0.00756898, max=0.0185518 (RTHI)
Frame 46 (t=0.23):	total squared error = 0.00235127, marker error: RMS=0.00748216, max=0.0185007 (RTHI)
Frame 47 (t=0.235):	total squared error = 0.00232324, marker error: RMS=0.00743743, max=0.0186404 (RTHI)
Frame 48 (t=0.24):	total squared error = 0.00229742, marker error: RMS=0.00739597, max=0.0186365 (RTHI)
Frame 49 (t=0.245):	total squared error = 0.00227968, marker error: RMS=0.00736736, max=0.018763 (RTHI)
Frame 50 (t=0.25):	total squared error = 0.00226077, marker error: RMS=0.00733675, max=0.0189634 (RTHI)
Frame 51 (t=0.255):	total squared error = 0.00226706, marker error: RMS=0.00734695, max=0.0189159 (RTHI)
Frame 52 (t=0.26):	total squared error = 0.00224972, marker error: RMS=0.00731879, max=0.0190096 (RTHI)
Frame 53 (t=0.265):	total squared error = 0.00223173, marker error: RMS=0.00728948, max=0.0192268 (RTHI)
Frame 54 (t=0.27):	total squared error = 0.00222178, marker error: RMS=0.00727321, max=0.0191774 (RTHI)
Frame 55 (t=0.275):	total squared error = 0.00220346, marker error: RMS=0.00724316, max=0.019419 (RTHI)
Frame 56 (t=0.28):	total squared error = 0.0021833, marker error: RMS=0.00720994, max=0.0192459 (RTHI)
Frame 57 (t=0.285):	total squared error = 0.00217052, marker error: RMS=0.00718882, max=0.0193066 (RTHI)
Frame 58 (t=0.29):	total squared error = 0.00215564, marker error: RMS=0.00716413, max=0.0193247 (RTHI)
Frame 59 (t=0.295):	total squared error = 0.00213931, marker error: RMS=0.00713695, max=0.0192143 (RTHI)
Frame 60 (t=0.3):	total squared error = 0.00210844, marker error: RMS=0.00708527, max=0.0191329 (RTHI)
Frame 61 (t=0.305):	total squared error = 0.00210782, marker error: RMS=0.00708423, max=0.0189875 (RTHI)
Frame 62 (t=0.31):	total squared error = 0.00209144, marker error: RMS=0.00705664, max=0.0189265 (RTHI)
Frame 63 (t=0.315):	total squared error = 0.00207572, marker error: RMS=0.00703007, max=0.0187503 (RTHI)
Frame 64 (t=0.32):	total squared error = 0.00205468, marker error: RMS=0.00699434, max=0.0185882 (RTHI)
Frame 65 (t=0.325):	total squared error = 0.00201927, marker error: RMS=0.00693381, max=0.0184679 (RTHI)
Frame 66 (t=0.33):	total squared error = 0.001976, marker error: RMS=0.00685913, max=0.0183735 (RTHI)
Frame 67 (t=0.335):	total squared error = 0.00196369, marker error: RMS=0.00683772, max=0.0182682 (RTHI)
Frame 68 (t=0.34):	total squared error = 0.00193975, marker error: RMS=0.00679591, max=0.0180629 (RTHI)
Frame 69 (t=0.345):	total squared error = 0.00190996, marker error: RMS=0.00674354, max=0.0178377 (RTHI)
Frame 70 (t=0.35):	total squared error = 0.00191263, marker error: RMS=0.00674824, max=0.0177137 (RTHI)
Frame 71 (t=0.355):	total squared error = 0.00190097, marker error: RMS=0.00672765, max=0.0174651 (RTHI)
Frame 72 (t=0.36):	total squared error = 0.00190908, marker error: RMS=0.00674198, max=0.0171865 (RTHI)
Frame 73 (t=0.365):	total squared error = 0.00191419, marker error: RMS=0.00675099, max=0.0169795 (RTHI)
Frame 74 (t=0.37):	total squared error = 0.00192507, marker error: RMS=0.00677015, max=0.0170486 (RTHI)
Frame 75 (t=0.375):	total squared error = 0.00194903, marker error: RMS=0.00681216, max=0.0167347 (RTHI)
Frame 76 (t=0.38):	total squared error = 0.00199077, marker error: RMS=0.00688472, max=0.0166295 (RTHI)
Frame 77 (t=0.385):	total squared error = 0.00199985, marker error: RMS=0.00690039, max=0.0163718 (RTHI)
Frame 78 (t=0.39):	total squared error = 0.00202019, marker error: RMS=0.00693539, max=0.016229 (RTHI)
Frame 79 (t=0.395):	total squared error = 0.00206009, marker error: RMS=0.00700355, max=0.0161068 (RTHI)
Frame 80 (t=0.4):	total squared error = 0.00212896, marker error: RMS=0.00711965, max=0.0158981 (RTHI)
Frame 81 (t=0.405):	total squared error = 0.00216699, marker error: RMS=0.00718297, max=0.0158842 (RTHI)
Frame 82 (t=0.41):	total squared error = 0.00220908, marker error: RMS=0.00725239, max=0.015794 (RTHI)
Frame 83 (t=0.415):	total squared error = 0.00224608, marker error: RMS=0.00731287, max=0.0156247 (RTHI)
Frame 84 (t=0.42):	total squared error = 0.00227501, marker error: RMS=0.00735981, max=0.0156367 (RTHI)
Frame 85 (t=0.425):	total squared error = 0.00228864, marker error: RMS=0.00738183, max=0.0155162 (RTHI)
Frame 86 (t=0.43):	total squared error = 0.00231525, marker error: RMS=0.00742463, max=0.0154546 (RTHI)
Frame 87 (t=0.435):	total squared error = 0.00231193, marker error: RMS=0.00741929, max=0.0155314 (RTHI)
Frame 88 (t=0.44):	total squared error = 0.00233585, marker error: RMS=0.00745757, max=0.0155935 (RTHI)
Frame 89 (t=0.445):	total squared error = 0.00235222, marker error: RMS=0.00748366, max=0.0155479 (RTHI)
Frame 90 (t=0.45):	total squared error = 0.00237508, marker error: RMS=0.00751994, max=0.0156227 (RTHI)
Frame 91 (t=0.455):	total squared error = 0.00239505, marker error: RMS=0.00755149, max=0.0158356 (LFIN)
Frame 92 (t=0.46):	total squared error = 0.00242604, marker error: RMS=0.00760018, max=0.0158555 (LFIN)
Frame 93 (t=0.465):	total squared error = 0.00247424, marker error: RMS=0.00767532, max=0.0158649 (LELB)
Frame 94 (t=0.47):	total squared error = 0.00253614, marker error: RMS=0.00777073, max=0.0161226 (LELB)
Frame 95 (t=0.475):	total squared error = 0.00259389, marker error: RMS=0.0078587, max=0.0163718 (LELB)
Frame 96 (t=0.48):	total squared error = 0.00266548, marker error: RMS=0.00796642, max=0.016507 (LELB)
Frame 97 (t=0.485):	total squared error = 0.00268772, marker error: RMS=0.00799958, max=0.0169061 (LELB)
Frame 98 (t=0.49):	total squared error = 0.00275174, marker error: RMS=0.0080943, max=0.0170765 (LELB)
Frame 99 (t=0.495):	total squared error = 0.00277021, marker error: RMS=0.00812141, max=0.0173079 (LELB)
Frame 100 (t=0.5):	total squared error = 0.00281065, marker error: RMS=0.00818048, max=0.0174078 (LELB)
Frame 101 (t=0.505):	total squared error = 0.00281726, marker error: RMS=0.00819009, max=0.0176104 (LELB)
Frame 102 (t=0.51):	total squared error = 0.00285517, marker error: RMS=0.00824501, max=0.0176699 (LELB)
Frame 103 (t=0.515):	total squared error = 0.00286235, marker error: RMS=0.00825537, max=0.0177248 (LELB)
Frame 104 (t=0.52):	total squared error = 0.00287514, marker error: RMS=0.00827379, max=0.0180642 (LELB)
Frame 105 (t=0.525):	total squared error = 0.00290993, marker error: RMS=0.00832371, max=0.0181117 (LELB)
Frame 106 (t=0.53):	total squared error = 0.00292733, marker error: RMS=0.00834855, max=0.0180936 (LELB)
Frame 107 (t=0.535):	total squared error = 0.00297572, marker error: RMS=0.00841728, max=0.0180746 (LELB)
Frame 108 (t=0.54):	total squared error = 0.0029744, marker error: RMS=0.0084154, max=0.0182567 (LELB)
Frame 109 (t=0.545):	total squared error = 0.00299619, marker error: RMS=0.00844617, max=0.018141 (LELB)
Frame 110 (t=0.55):	total squared error = 0.00300754, marker error: RMS=0.00846216, max=0.0185639 (LELB)
Frame 111 (t=0.555):	total squared error = 0.00300156, marker error: RMS=0.00845373, max=0.0183489 (LELB)
Frame 112 (t=0.56):	total squared error = 0.00300637, marker error: RMS=0.00846051, max=0.0182756 (LELB)
Frame 113 (t=0.565):	total squared error = 0.00298423, marker error: RMS=0.00842929, max=0.0184454 (LELB)
Frame 114 (t=0.57):	total squared error = 0.00295917, marker error: RMS=0.00839384, max=0.0185659 (LELB)
Frame 115 (t=0.575):	total squared error = 0.00286154, marker error: RMS=0.0082542, max=0.0183236 (LELB)
Frame 116 (t=0.58):	total squared error = 0.00280266, marker error: RMS=0.00816884, max=0.0179558 (LELB)
Frame 117 (t=0.585):	total squared error = 0.00272328, marker error: RMS=0.00805233, max=0.0177098 (LELB)
Frame 118 (t=0.59):	total squared error = 0.00264005, marker error: RMS=0.00792833, max=0.0175844 (LELB)
Frame 119 (t=0.595):	total squared error = 0.00256531, marker error: RMS=0.0078153, max=0.0172711 (LELB)
Frame 120 (t=0.6):	total squared error = 0.00250923, marker error: RMS=0.0077294, max=0.0167991 (LELB)
Frame 121 (t=0.605):	total squared error = 0.00241123, marker error: RMS=0.00757695, max=0.0165252 (LELB)
Frame 122 (t=0.61):	total squared error = 0.00235259, marker error: RMS=0.00748426, max=0.0161226 (LELB)
Frame 123 (t=0.615):	total squared error = 0.00229712, marker error: RMS=0.0073955, max=0.0157299 (LELB)
Frame 124 (t=0.62):	total squared error = 0.00217643, marker error: RMS=0.00719859, max=0.0154582 (RTHI)
Frame 125 (t=0.625):	total squared error = 0.00212987, marker error: RMS=0.00712118, max=0.0152523 (RTHI)
Frame 126 (t=0.63):	total squared error = 0.00207289, marker error: RMS=0.00702527, max=0.015488 (RTHI)
Frame 127 (t=0.635):	total squared error = 0.00203594, marker error: RMS=0.00696239, max=0.015464 (RTHI)
Frame 128 (t=0.64):	total squared error = 0.00200354, marker error: RMS=0.00690675, max=0.0154929 (RTHI)
Frame 129 (t=0.645):	total squared error = 0.0020087, marker error: RMS=0.00691564, max=0.0152836 (RTHI)
Frame 130 (t=0.65):	total squared error = 0.00199606, marker error: RMS=0.00689385, max=0.0154945 (RTHI)
Frame 131 (t=0.655):	total squared error = 0.00199581, marker error: RMS=0.00689342, max=0.0154316 (RTHI)
Frame 132 (t=0.66):	total squared error = 0.00196713, marker error: RMS=0.00684371, max=0.0153185 (RTHI)
Frame 133 (t=0.665):	total squared error = 0.00192952, marker error: RMS=0.00677797, max=0.0148915 (RTHI)
Frame 134 (t=0.67):	total squared error = 0.00189346, marker error: RMS=0.00671434, max=0.014382 (RTHI)
Frame 135 (t=0.675):	total squared error = 0.00181054, marker error: RMS=0.00656567, max=0.0135824 (RTHI)
Frame 136 (t=0.68):	total squared error = 0.00176596, marker error: RMS=0.00648434, max=0.0128508 (RTHI)
Frame 137 (t=0.685):	total squared error = 0.00170385, marker error: RMS=0.00636929, max=0.0122551 (LLatFoot)
Frame 138 (t=0.69):	total squared error = 0.00167296, marker error: RMS=0.00631129, max=0.0123877 (LLatFoot)
Frame 139 (t=0.695):	total squared error = 0.00168534, marker error: RMS=0.0063346, max=0.0130034 (LLatFoot)
Frame 140 (t=0.7):	total squared error = 0.00167454, marker error: RMS=0.00631426, max=0.0124144 (LLatFoot)
Frame 141 (t=0.705):	total squared error = 0.00172948, marker error: RMS=0.00641702, max=0.012451 (LLatFoot)
Frame 142 (t=0.71):	total squared error = 0.0017357, marker error: RMS=0.00642855, max=0.0115907 (LLatFoot)
Frame 143 (t=0.715):	total squared error = 0.0017837, marker error: RMS=0.00651682, max=0.0116895 (LELB)
Frame 144 (t=0.72):	total squared error = 0.00183109, marker error: RMS=0.00660284, max=0.0116948 (LELB)
Frame 145 (t=0.725):	total squared error = 0.00192217, marker error: RMS=0.00676506, max=0.0120579 (LELB)
Frame 146 (t=0.73):	total squared error = 0.0019832, marker error: RMS=0.00687162, max=0.0118407 (LELB)
Frame 147 (t=0.735):	total squared error = 0.00206925, marker error: RMS=0.00701911, max=0.0120873 (LELB)
Frame 148 (t=0.74):	total squared error = 0.0021514, marker error: RMS=0.00715708, max=0.0121695 (LTIB)
Frame 149 (t=0.745):	total squared error = 0.00221014, marker error: RMS=0.00725412, max=0.0125038 (LTHI)
Frame 150 (t=0.75):	total squared error = 0.00226924, marker error: RMS=0.00735048, max=0.0129554 (LTHI)
Frame 151 (t=0.755):	total squared error = 0.0022936, marker error: RMS=0.00738982, max=0.0131304 (LTHI)
Frame 152 (t=0.76):	total squared error = 0.00232811, marker error: RMS=0.00744521, max=0.0134769 (LTIB3)
Frame 153 (t=0.765):	total squared error = 0.00233108, marker error: RMS=0.00744996, max=0.0138493 (LTIB3)
Frame 154 (t=0.77):	total squared error = 0.00232615, marker error: RMS=0.00744207, max=0.0141802 (LTHI)
Frame 155 (t=0.775):	total squared error = 0.00229069, marker error: RMS=0.00738514, max=0.0144732 (LTHI)
Frame 156 (t=0.78):	total squared error = 0.00223429, marker error: RMS=0.00729365, max=0.0149328 (LTHI)
Frame 157 (t=0.785):	total squared error = 0.00215247, marker error: RMS=0.00715886, max=0.0150243 (LTHI)
Frame 158 (t=0.79):	total squared error = 0.00206954, marker error: RMS=0.00701961, max=0.0153276 (LTHI)
Frame 159 (t=0.795):	total squared error = 0.00198704, marker error: RMS=0.00687826, max=0.0153833 (LTHI)
Frame 160 (t=0.8):	total squared error = 0.00191525, marker error: RMS=0.00675287, max=0.0154968 (LTHI)
Frame 161 (t=0.805):	total squared error = 0.00185298, marker error: RMS=0.00664218, max=0.0155551 (LTHI)
Frame 162 (t=0.81):	total squared error = 0.00180005, marker error: RMS=0.00654663, max=0.0158743 (LTHI)
Frame 163 (t=0.815):	total squared error = 0.0017355, marker error: RMS=0.00642818, max=0.015803 (LTHI)
Frame 164 (t=0.82):	total squared error = 0.00166843, marker error: RMS=0.00630274, max=0.0155286 (LTHI)
Frame 165 (t=0.825):	total squared error = 0.00164692, marker error: RMS=0.00626198, max=0.0157136 (LTHI)
Frame 166 (t=0.83):	total squared error = 0.00159214, marker error: RMS=0.00615695, max=0.0155045 (LTHI)
Frame 167 (t=0.835):	total squared error = 0.00156685, marker error: RMS=0.00610787, max=0.0153393 (LTHI)
Frame 168 (t=0.84):	total squared error = 0.00154731, marker error: RMS=0.00606965, max=0.0155635 (LTHI)
Frame 169 (t=0.845):	total squared error = 0.00149816, marker error: RMS=0.00597247, max=0.0154292 (LTHI)
Frame 170 (t=0.85):	total squared error = 0.00147577, marker error: RMS=0.00592768, max=0.0155882 (LTHI)
Frame 171 (t=0.855):	total squared error = 0.00145636, marker error: RMS=0.00588858, max=0.0154413 (LTHI)
Frame 172 (t=0.86):	total squared error = 0.00143917, marker error: RMS=0.00585371, max=0.0155746 (LTHI)
Frame 173 (t=0.865):	total squared error = 0.00142233, marker error: RMS=0.00581937, max=0.0153856 (LTHI)
Frame 174 (t=0.87):	total squared error = 0.00140062, marker error: RMS=0.00577478, max=0.0156274 (LTHI)
Frame 175 (t=0.875):	total squared error = 0.00138025, marker error: RMS=0.00573263, max=0.0153683 (LTHI)
Frame 176 (t=0.88):	total squared error = 0.00139323, marker error: RMS=0.00575952, max=0.015428 (LTHI)
Frame 177 (t=0.885):	total squared error = 0.00137127, marker error: RMS=0.00571396, max=0.0155185 (LTHI)
Frame 178 (t=0.89):	total squared error = 0.00135783, marker error: RMS=0.00568588, max=0.0156498 (LTHI)
Frame 179 (t=0.895):	total squared error = 0.00134485, marker error: RMS=0.00565865, max=0.0156825 (LTHI)
Frame 180 (t=0.9):	total squared error = 0.00134065, marker error: RMS=0.0056498, max=0.0157872 (LTHI)
Frame 181 (t=0.905):	total squared error = 0.00133572, marker error: RMS=0.0056394, max=0.0159325 (LTHI)
Frame 182 (t=0.91):	total squared error = 0.00134263, marker error: RMS=0.00565396, max=0.0161141 (LTHI)
Frame 183 (t=0.915):	total squared error = 0.00134669, marker error: RMS=0.0056625, max=0.0163807 (LTHI)
Frame 184 (t=0.92):	total squared error = 0.00131423, marker error: RMS=0.00559385, max=0.016253 (LTHI)
Frame 185 (t=0.925):	total squared error = 0.00132065, marker error: RMS=0.0056075, max=0.0160805 (LTHI)
Frame 186 (t=0.93):	total squared error = 0.00136846, marker error: RMS=0.0057081, max=0.0162843 (LTHI)
Frame 187 (t=0.935):	total squared error = 0.00136075, marker error: RMS=0.00569199, max=0.0161289 (LTHI)
Frame 188 (t=0.94):	total squared error = 0.00137021, marker error: RMS=0.00571174, max=0.0160384 (LTHI)
Frame 189 (t=0.945):	total squared error = 0.00135969, marker error: RMS=0.00568978, max=0.015966 (LTHI)
Frame 190 (t=0.95):	total squared error = 0.00140297, marker error: RMS=0.00577961, max=0.0162904 (LTHI)
Frame 191 (t=0.955):	total squared error = 0.00141641, marker error: RMS=0.00580723, max=0.0164086 (LTHI)
Frame 192 (t=0.96):	total squared error = 0.00144669, marker error: RMS=0.00586898, max=0.0163986 (LTHI)
Frame 193 (t=0.965):	total squared error = 0.00144711, marker error: RMS=0.00586983, max=0.0161541 (LTHI)
Frame 194 (t=0.97):	total squared error = 0.00145979, marker error: RMS=0.00589551, max=0.016024 (LTHI)
Frame 195 (t=0.975):	total squared error = 0.00147569, marker error: RMS=0.00592751, max=0.0158765 (LTHI)
Frame 196 (t=0.98):	total squared error = 0.00151868, marker error: RMS=0.00601324, max=0.0163369 (LTHI)
Frame 197 (t=0.985):	total squared error = 0.00154158, marker error: RMS=0.0060584, max=0.0164155 (LTHI)
Frame 198 (t=0.99):	total squared error = 0.00155875, marker error: RMS=0.00609206, max=0.0165808 (LTHI)
Frame 199 (t=0.995):	total squared error = 0.0015728, marker error: RMS=0.00611945, max=0.0165807 (LTHI)
Frame 200 (t=1):	total squared error = 0.00159159, marker error: RMS=0.00615589, max=0.0167417 (LTHI)
Frame 201 (t=1.005):	total squared error = 0.00160036, marker error: RMS=0.00617283, max=0.0166696 (LTHI)
Frame 202 (t=1.01):	total squared error = 0.0016112, marker error: RMS=0.00619369, max=0.0166367 (LTHI)
Frame 203 (t=1.015):	total squared error = 0.00160537, marker error: RMS=0.00618249, max=0.0165918 (LTHI)
Frame 204 (t=1.02):	total squared error = 0.00159119, marker error: RMS=0.00615512, max=0.0165106 (LTHI)
Frame 205 (t=1.025):	total squared error = 0.00156832, marker error: RMS=0.00611073, max=0.015813 (LTHI)
Frame 206 (t=1.03):	total squared error = 0.00155764, marker error: RMS=0.00608988, max=0.0161516 (LTHI)
Frame 207 (t=1.035):	total squared error = 0.00153183, marker error: RMS=0.00603921, max=0.0159022 (LTHI)
Frame 208 (t=1.04):	total squared error = 0.0015441, marker error: RMS=0.00606336, max=0.0158996 (LTHI)
Frame 209 (t=1.045):	total squared error = 0.00150733, marker error: RMS=0.00599074, max=0.015518 (LTHI)
Frame 210 (t=1.05):	total squared error = 0.00150313, marker error: RMS=0.00598238, max=0.015234 (LTHI)
Frame 211 (t=1.055):	total squared error = 0.00151093, marker error: RMS=0.00599788, max=0.0152047 (LTHI)
Frame 212 (t=1.06):	total squared error = 0.00153957, marker error: RMS=0.00605446, max=0.0153185 (LTHI)
Frame 213 (t=1.065):	total squared error = 0.00155915, marker error: RMS=0.00609283, max=0.0153225 (LTHI)
Frame 214 (t=1.07):	total squared error = 0.00157647, marker error: RMS=0.00612657, max=0.0154203 (LTHI)
Frame 215 (t=1.075):	total squared error = 0.00160375, marker error: RMS=0.00617936, max=0.0155914 (LTHI)
Frame 216 (t=1.08):	total squared error = 0.00162184, marker error: RMS=0.00621411, max=0.0156013 (LTHI)
Frame 217 (t=1.085):	total squared error = 0.00164265, marker error: RMS=0.00625385, max=0.0155946 (LTHI)
Frame 218 (t=1.09):	total squared error = 0.00166617, marker error: RMS=0.00629846, max=0.0155484 (LTHI)
Frame 219 (t=1.095):	total squared error = 0.00170009, marker error: RMS=0.00636226, max=0.015405 (LTHI)
Frame 220 (t=1.1):	total squared error = 0.00170115, marker error: RMS=0.00636424, max=0.015337 (LTHI)
Frame 221 (t=1.105):	total squared error = 0.0017184, marker error: RMS=0.00639643, max=0.0152641 (LTHI)
Frame 222 (t=1.11):	total squared error = 0.00172022, marker error: RMS=0.00639981, max=0.0153229 (LTHI)
Frame 223 (t=1.115):	total squared error = 0.0017482, marker error: RMS=0.00645165, max=0.0152727 (LTHI)
Frame 224 (t=1.12):	total squared error = 0.00174246, marker error: RMS=0.00644105, max=0.0152524 (LTHI)
Frame 225 (t=1.125):	total squared error = 0.0017735, marker error: RMS=0.00649817, max=0.0152779 (LTHI)
Frame 226 (t=1.13):	total squared error = 0.0018102, marker error: RMS=0.00656506, max=0.0153148 (LTHI)
Frame 227 (t=1.135):	total squared error = 0.0017764, marker error: RMS=0.00650347, max=0.0151976 (LTHI)
Frame 228 (t=1.14):	total squared error = 0.00176893, marker error: RMS=0.00648979, max=0.0151067 (LTHI)
Frame 229 (t=1.145):	total squared error = 0.00175009, marker error: RMS=0.00645515, max=0.0149091 (LTHI)
InverseKinematicsTool completed 229 frames in 17.435s

IK compute time = 17871ms
